Arguments: 
  /Users/tomoyatanaka/.anyenv/envs/nodenv/versions/8.10.0/bin/node /Users/tomoyatanaka/.anyenv/envs/nodenv/versions/8.10.0/bin/yarn global bin

PATH: 
  /Users/tomoyatanaka/.anyenv/envs/nodenv/versions/8.10.0/bin:/Users/tomoyatanaka/.anyenv/envs/nodenv/libexec:/Users/tomoyatanaka/.anyenv/envs/nodenv/plugins/nodenv-vars/bin:/Users/tomoyatanaka/.anyenv/envs/nodenv/plugins/nodenv-default-packages/bin:/Users/tomoyatanaka/.anyenv/envs/nodenv/plugins/node-build/bin:/Users/tomoyatanaka/.yarn/bin/lib/node_modules/vue-cli/bin:/Users/tomoyatanaka/.yarn/bin:/Users/tomoyatanaka/.gem/ruby/2.0.0/bin:/Users/tomoyatanaka/.anyenv/envs/rbenv/shims:/Users/tomoyatanaka/.anyenv/envs/rbenv/bin:/Users/tomoyatanaka/.anyenv/envs/pyenv/shims:/Users/tomoyatanaka/.anyenv/envs/pyenv/bin:/Users/tomoyatanaka/.anyenv/envs/nodenv/shims:/Users/tomoyatanaka/.anyenv/envs/nodenv/bin:/usr/local/bin:/usr/bin:/bin:/usr/sbin:/sbin:/usr/local/:Cellar/yarn/1.17.3:/Users/tomoyatanaka/.yarn/bin:/Users/tomoyatanaka/.gem/ruby/2.0.0/bin:/Users/tomoyatanaka/.anyenv/envs/rbenv/shims:/Users/tomoyatanaka/.anyenv/envs/rbenv/bin:/Users/tomoyatanaka/.anyenv/envs/pyenv/shims:/Users/tomoyatanaka/.anyenv/envs/pyenv/bin:/Users/tomoyatanaka/.anyenv/envs/nodenv/shims:/Users/tomoyatanaka/.anyenv/envs/nodenv/bin:info If you think this is a bug, please open a bug report with the information provided in "/Users/tomoyatanaka/projects/express-typescript-example/yarn-error.log".
  info Visit https://yarnpkg.com/en/docs/cli/global for documentation about this command.

Yarn version: 
  1.15.2

Node version: 
  8.10.0

Platform: 
  darwin x64

Trace: 
  SyntaxError: /Users/tomoyatanaka/projects/express-typescript-example/package.json: Unexpected end of JSON input
      at JSON.parse (<anonymous>)
      at /Users/tomoyatanaka/.anyenv/envs/nodenv/versions/8.10.0/lib/node_modules/yarn/lib/cli.js:1625:59
      at Generator.next (<anonymous>)
      at step (/Users/tomoyatanaka/.anyenv/envs/nodenv/versions/8.10.0/lib/node_modules/yarn/lib/cli.js:304:30)
      at /Users/tomoyatanaka/.anyenv/envs/nodenv/versions/8.10.0/lib/node_modules/yarn/lib/cli.js:315:13
      at <anonymous>

npm manifest: 
  

yarn manifest: 
  No manifest

Lockfile: 
  No lockfile
